Mon May 19 07:43:00 AEST 2025 : Apache Derby Network Server - 10.15.2.0 - (1873585) started and ready to accept connections on port 1527
----------------------------------------------------------------
Mon May 19 07:43:00 AEST 2025:
Booting Derby version The Apache Software Foundation - Apache Derby - 10.15.2.0 - (1873585): instance a816c00e-0196-e559-a68c-ffff88f008cf 
on database directory C:\Users\admin\Downloads\IoTBay-main (3)\IoTBay-main\iotdb\IoTBayDB with class loader jdk.internal.loader.ClassLoaders$AppClassLoader@70dea4e 
Loaded from file:/C:/Users/admin/Downloads/db-derby-10.15.2.0-bin/db-derby-10.15.2.0-bin/lib/derby.jar
java.vendor=Eclipse Adoptium
java.runtime.version=21.0.4+7-LTS
user.dir=C:\Users\admin\Downloads\db-derby-10.15.2.0-bin\db-derby-10.15.2.0-bin
os.name=Windows 11
os.arch=amd64
os.version=10.0
derby.system.home=C:\Users\admin\Downloads\IoTBay-main (3)\IoTBay-main\iotdb
Database Class Loader started - derby.database.classpath=''
----------------------------------------------------------------
Mon May 19 07:43:00 AEST 2025:
Shutting down instance a816c00e-0196-e559-a68c-ffff88f008cf on database directory C:\Users\admin\Downloads\IoTBay-main (3)\IoTBay-main\iotdb\IoTBayDB with class loader jdk.internal.loader.ClassLoaders$AppClassLoader@70dea4e 
Mon May 19 07:43:00 AEST 2025 Thread[#35,DRDAConnThread_3,5,main] (DATABASE = IoTBayDB), (DRDAID = {2}), Database 'IoTBayDB' shutdown.
----------------------------------------------------------------
Mon May 19 07:43:10 AEST 2025:
Booting Derby version The Apache Software Foundation - Apache Derby - 10.15.2.0 - (1873585): instance 97e00100-0196-e559-a68c-ffff88f008cf 
on database directory C:\Users\admin\Downloads\IoTBay-main (3)\IoTBay-main\iotdb\IoTBayDB with class loader jdk.internal.loader.ClassLoaders$AppClassLoader@70dea4e 
Loaded from file:/C:/Users/admin/Downloads/db-derby-10.15.2.0-bin/db-derby-10.15.2.0-bin/lib/derby.jar
java.vendor=Eclipse Adoptium
java.runtime.version=21.0.4+7-LTS
user.dir=C:\Users\admin\Downloads\db-derby-10.15.2.0-bin\db-derby-10.15.2.0-bin
os.name=Windows 11
os.arch=amd64
os.version=10.0
derby.system.home=C:\Users\admin\Downloads\IoTBay-main (3)\IoTBay-main\iotdb
Database Class Loader started - derby.database.classpath=''
Mon May 19 07:45:42 AEST 2025 Thread[#35,DRDAConnThread_3,5,main] Cleanup action starting
java.sql.SQLException: Database 'DBIoTbay' not found.
	at org.apache.derby.impl.jdbc.SQLExceptionFactory.getSQLException(SQLExceptionFactory.java:115)
	at org.apache.derby.impl.jdbc.SQLExceptionFactory.getSQLException(SQLExceptionFactory.java:141)
	at org.apache.derby.impl.jdbc.Util.generateCsSQLException(Util.java:225)
	at org.apache.derby.impl.jdbc.Util.generateCsSQLException(Util.java:220)
	at org.apache.derby.impl.jdbc.EmbedConnection.newSQLException(EmbedConnection.java:3215)
	at org.apache.derby.impl.jdbc.EmbedConnection.handleDBNotFound(EmbedConnection.java:772)
	at org.apache.derby.impl.jdbc.EmbedConnection.<init>(EmbedConnection.java:442)
	at org.apache.derby.iapi.jdbc.InternalDriver$1.run(InternalDriver.java:660)
	at org.apache.derby.iapi.jdbc.InternalDriver$1.run(InternalDriver.java:656)
	at java.base/java.security.AccessController.doPrivileged(AccessController.java:571)
	at org.apache.derby.iapi.jdbc.InternalDriver.getNewEmbedConnection(InternalDriver.java:654)
	at org.apache.derby.iapi.jdbc.InternalDriver.connect(InternalDriver.java:300)
	at org.apache.derby.iapi.jdbc.InternalDriver.connect(InternalDriver.java:967)
	at org.apache.derby.jdbc.EmbeddedDriver.connect(EmbeddedDriver.java:125)
	at org.apache.derby.impl.drda.Database.makeConnection(Database.java:253)
	at org.apache.derby.impl.drda.DRDAConnThread.getConnFromDatabaseName(DRDAConnThread.java:1476)
	at org.apache.derby.impl.drda.DRDAConnThread.verifyUserIdPassword(DRDAConnThread.java:1426)
	at org.apache.derby.impl.drda.DRDAConnThread.parseSECCHK(DRDAConnThread.java:3380)
	at org.apache.derby.impl.drda.DRDAConnThread.parseDRDAConnection(DRDAConnThread.java:1210)
	at org.apache.derby.impl.drda.DRDAConnThread.processCommands(DRDAConnThread.java:1010)
	at org.apache.derby.impl.drda.DRDAConnThread.run(DRDAConnThread.java:300)
Caused by: ERROR XJ004: Database 'DBIoTbay' not found.
	at org.apache.derby.shared.common.error.StandardException.newException(StandardException.java:300)
	at org.apache.derby.impl.jdbc.SQLExceptionFactory.wrapArgsForTransportAcrossDRDA(SQLExceptionFactory.java:170)
	at org.apache.derby.impl.jdbc.SQLExceptionFactory.getSQLException(SQLExceptionFactory.java:75)
	... 20 more
============= begin nested exception, level (1) ===========
ERROR XJ004: Database 'DBIoTbay' not found.
	at org.apache.derby.shared.common.error.StandardException.newException(StandardException.java:300)
	at org.apache.derby.impl.jdbc.SQLExceptionFactory.wrapArgsForTransportAcrossDRDA(SQLExceptionFactory.java:170)
	at org.apache.derby.impl.jdbc.SQLExceptionFactory.getSQLException(SQLExceptionFactory.java:75)
	at org.apache.derby.impl.jdbc.SQLExceptionFactory.getSQLException(SQLExceptionFactory.java:141)
	at org.apache.derby.impl.jdbc.Util.generateCsSQLException(Util.java:225)
	at org.apache.derby.impl.jdbc.Util.generateCsSQLException(Util.java:220)
	at org.apache.derby.impl.jdbc.EmbedConnection.newSQLException(EmbedConnection.java:3215)
	at org.apache.derby.impl.jdbc.EmbedConnection.handleDBNotFound(EmbedConnection.java:772)
	at org.apache.derby.impl.jdbc.EmbedConnection.<init>(EmbedConnection.java:442)
	at org.apache.derby.iapi.jdbc.InternalDriver$1.run(InternalDriver.java:660)
	at org.apache.derby.iapi.jdbc.InternalDriver$1.run(InternalDriver.java:656)
	at java.base/java.security.AccessController.doPrivileged(AccessController.java:571)
	at org.apache.derby.iapi.jdbc.InternalDriver.getNewEmbedConnection(InternalDriver.java:654)
	at org.apache.derby.iapi.jdbc.InternalDriver.connect(InternalDriver.java:300)
	at org.apache.derby.iapi.jdbc.InternalDriver.connect(InternalDriver.java:967)
	at org.apache.derby.jdbc.EmbeddedDriver.connect(EmbeddedDriver.java:125)
	at org.apache.derby.impl.drda.Database.makeConnection(Database.java:253)
	at org.apache.derby.impl.drda.DRDAConnThread.getConnFromDatabaseName(DRDAConnThread.java:1476)
	at org.apache.derby.impl.drda.DRDAConnThread.verifyUserIdPassword(DRDAConnThread.java:1426)
	at org.apache.derby.impl.drda.DRDAConnThread.parseSECCHK(DRDAConnThread.java:3380)
	at org.apache.derby.impl.drda.DRDAConnThread.parseDRDAConnection(DRDAConnThread.java:1210)
	at org.apache.derby.impl.drda.DRDAConnThread.processCommands(DRDAConnThread.java:1010)
	at org.apache.derby.impl.drda.DRDAConnThread.run(DRDAConnThread.java:300)
============= end nested exception, level (1) ===========
Cleanup action completed
Mon May 19 07:45:42 AEST 2025 Thread[#35,DRDAConnThread_3,5,main] (DATABASE = DBIoTbay), (DRDAID = {4}), Database 'DBIoTbay' not found.
----------------------------------------------------------------
Mon May 19 08:06:38 AEST 2025: Shutting down Derby engine
----------------------------------------------------------------
Mon May 19 08:06:38 AEST 2025:
Shutting down instance 97e00100-0196-e559-a68c-ffff88f008cf on database directory C:\Users\admin\Downloads\IoTBay-main (3)\IoTBay-main\iotdb\IoTBayDB with class loader jdk.internal.loader.ClassLoaders$AppClassLoader@70dea4e 
----------------------------------------------------------------
